<?xml version="1.0" encoding="UTF-8"?>
<testsuite name="demo.TestControllerSpec" tests="7" skipped="0" failures="2" errors="0" timestamp="2015-07-08T02:02:12" hostname="gabriel-Inspiron-5437" time="2.798">
  <properties/>
  <testcase name="Test the index action returns the correct model" classname="demo.TestControllerSpec" time="2.12"/>
  <testcase name="Test the create action returns the correct model" classname="demo.TestControllerSpec" time="0.1"/>
  <testcase name="Test the save action correctly persists an instance" classname="demo.TestControllerSpec" time="0.31">
    <failure message="Condition not satisfied:&#10;&#10;model.test!= null&#10;|     |   |&#10;[:]   |   false&#10;      null&#10;" type="org.spockframework.runtime.ConditionNotSatisfiedError">Condition not satisfied:

model.test!= null
|     |   |
[:]   |   false
      null

	at demo.TestControllerSpec.Test the save action correctly persists an instance(TestControllerSpec.groovy:44)
</failure>
  </testcase>
  <testcase name="Test that the show action returns the correct model" classname="demo.TestControllerSpec" time="0.065"/>
  <testcase name="Test that the edit action returns the correct model" classname="demo.TestControllerSpec" time="0.028"/>
  <testcase name="Test the update action performs an update on a valid domain instance" classname="demo.TestControllerSpec" time="0.088">
    <failure message="Condition not satisfied:&#10;&#10;view == 'edit'&#10;|    |&#10;null false&#10;" type="org.spockframework.runtime.SpockComparisonFailure">Condition not satisfied:

view == 'edit'
|    |
null false

	at demo.TestControllerSpec.Test the update action performs an update on a valid domain instance(TestControllerSpec.groovy:109)
</failure>
  </testcase>
  <testcase name="Test that the delete action deletes an instance if it exists" classname="demo.TestControllerSpec" time="0.086"/>
  <system-out><![CDATA[INFO org.springframework.web.context.support.GenericWebApplicationContext - Refreshing org.springframework.web.context.support.GenericWebApplicationContext@6218bb35: startup date [Wed Jul 08 10:02:12 CST 2015]; root of context hierarchy
INFO org.springframework.web.context.support.GenericWebApplicationContext - Closing org.springframework.web.context.support.GenericWebApplicationContext@6218bb35: startup date [Wed Jul 08 10:02:12 CST 2015]; root of context hierarchy
]]></system-out>
  <system-err><![CDATA[]]></system-err>
</testsuite>
