<?xml version="1.0" encoding="UTF-8"?>
<testsuite name="security.HomeControllerSpec" tests="1" skipped="0" failures="1" errors="0" timestamp="2015-07-08T02:02:15" hostname="gabriel-Inspiron-5437" time="0.38">
  <properties/>
  <testcase name="test something" classname="security.HomeControllerSpec" time="0.38">
    <failure message="Condition not satisfied:&#10;&#10;true == false&#10;     |&#10;     false&#10;" type="org.spockframework.runtime.SpockComparisonFailure">Condition not satisfied:

true == false
     |
     false

	at security.HomeControllerSpec.test something(HomeControllerSpec.groovy:20)
</failure>
  </testcase>
  <system-out><![CDATA[INFO org.springframework.web.context.support.GenericWebApplicationContext - Refreshing org.springframework.web.context.support.GenericWebApplicationContext@2bda6323: startup date [Wed Jul 08 10:02:15 CST 2015]; root of context hierarchy
INFO org.springframework.web.context.support.GenericWebApplicationContext - Closing org.springframework.web.context.support.GenericWebApplicationContext@2bda6323: startup date [Wed Jul 08 10:02:15 CST 2015]; root of context hierarchy
]]></system-out>
  <system-err><![CDATA[]]></system-err>
</testsuite>
